<?xml version="1.0" encoding="UTF-8"?>
<coverage generated="1682715031472" clover="3.2.0">
  <project timestamp="1682715031472" name="All files">
    <metrics statements="265" coveredstatements="256" conditionals="69" coveredconditionals="64" methods="78" coveredmethods="72" elements="412" coveredelements="392" complexity="0" loc="265" ncloc="265" packages="7" files="18" classes="18"/>
    <package name="frontend">
      <metrics statements="19" coveredstatements="17" conditionals="3" coveredconditionals="2" methods="8" coveredmethods="6"/>
      <file name="test-utils.tsx" path="/Users/alex/Projects/paramview/frontend/test-utils.tsx">
        <metrics statements="19" coveredstatements="17" conditionals="3" coveredconditionals="2" methods="8" coveredmethods="6"/>
        <line num="3" count="8" type="stmt"/>
        <line num="4" count="8" type="stmt"/>
        <line num="12" count="8" type="stmt"/>
        <line num="13" count="8" type="stmt"/>
        <line num="29" count="31" type="cond" truecount="1" falsecount="1"/>
        <line num="52" count="8" type="stmt"/>
        <line num="53" count="31" type="stmt"/>
        <line num="60" count="8" type="stmt"/>
        <line num="62" count="10" type="stmt"/>
        <line num="63" count="208" type="stmt"/>
        <line num="66" count="8" type="stmt"/>
        <line num="67" count="0" type="stmt"/>
        <line num="71" count="8" type="stmt"/>
        <line num="72" count="0" type="stmt"/>
        <line num="76" count="8" type="stmt"/>
        <line num="82" count="8" type="stmt"/>
        <line num="91" count="20" type="stmt"/>
        <line num="93" count="8" type="stmt"/>
        <line num="95" count="69" type="stmt"/>
      </file>
    </package>
    <package name="frontend.src">
      <metrics statements="4" coveredstatements="4" conditionals="1" coveredconditionals="0" methods="1" coveredmethods="1"/>
      <file name="theme.ts" path="/Users/alex/Projects/paramview/frontend/src/theme.ts">
        <metrics statements="4" coveredstatements="4" conditionals="1" coveredconditionals="0" methods="1" coveredmethods="1"/>
        <line num="1" count="2" type="stmt"/>
        <line num="2" count="2" type="stmt"/>
        <line num="5" count="69" type="cond" truecount="0" falsecount="1"/>
        <line num="6" count="69" type="stmt"/>
      </file>
    </package>
    <package name="frontend.src.atoms">
      <metrics statements="34" coveredstatements="30" conditionals="3" coveredconditionals="2" methods="12" coveredmethods="11"/>
      <file name="api.ts" path="/Users/alex/Projects/paramview/frontend/src/atoms/api.ts">
        <metrics statements="15" coveredstatements="12" conditionals="0" coveredconditionals="0" methods="6" coveredmethods="5"/>
        <line num="1" count="3" type="stmt"/>
        <line num="3" count="3" type="stmt"/>
        <line num="4" count="3" type="stmt"/>
        <line num="11" count="3" type="stmt"/>
        <line num="12" count="3" type="stmt"/>
        <line num="13" count="3" type="stmt"/>
        <line num="17" count="6" type="stmt"/>
        <line num="24" count="3" type="stmt"/>
        <line num="27" count="95" type="stmt"/>
        <line num="28" count="16" type="stmt"/>
        <line num="30" count="18" type="stmt"/>
        <line num="34" count="3" type="stmt"/>
        <line num="35" count="0" type="stmt"/>
        <line num="36" count="0" type="stmt"/>
        <line num="37" count="0" type="stmt"/>
      </file>
      <file name="commitSelect.ts" path="/Users/alex/Projects/paramview/frontend/src/atoms/commitSelect.ts">
        <metrics statements="10" coveredstatements="9" conditionals="3" coveredconditionals="2" methods="2" coveredmethods="2"/>
        <line num="1" count="3" type="stmt"/>
        <line num="2" count="3" type="stmt"/>
        <line num="5" count="57" type="stmt"/>
        <line num="8" count="3" type="stmt"/>
        <line num="14" count="80" type="stmt"/>
        <line num="16" count="23" type="stmt"/>
        <line num="17" count="21" type="cond" truecount="0" falsecount="1"/>
        <line num="18" count="0" type="stmt"/>
        <line num="20" count="21" type="cond" truecount="2" falsecount="0"/>
        <line num="25" count="7" type="stmt"/>
      </file>
      <file name="paramList.ts" path="/Users/alex/Projects/paramview/frontend/src/atoms/paramList.ts">
        <metrics statements="9" coveredstatements="9" conditionals="0" coveredconditionals="0" methods="4" coveredmethods="4"/>
        <line num="1" count="3" type="stmt"/>
        <line num="4" count="3" type="stmt"/>
        <line num="10" count="26" type="stmt"/>
        <line num="11" count="5" type="stmt"/>
        <line num="12" count="1" type="stmt"/>
        <line num="16" count="3" type="stmt"/>
        <line num="19" count="23" type="stmt"/>
        <line num="20" count="11" type="stmt"/>
        <line num="21" count="4" type="stmt"/>
      </file>
    </package>
    <package name="frontend.src.components.App">
      <metrics statements="22" coveredstatements="22" conditionals="0" coveredconditionals="0" methods="5" coveredmethods="5"/>
      <file name="ErrorAlert.tsx" path="/Users/alex/Projects/paramview/frontend/src/components/App/ErrorAlert.tsx">
        <metrics statements="6" coveredstatements="6" conditionals="0" coveredconditionals="0" methods="1" coveredmethods="1"/>
        <line num="2" count="1" type="stmt"/>
        <line num="3" count="1" type="stmt"/>
        <line num="5" count="1" type="stmt"/>
        <line num="12" count="1" type="stmt"/>
        <line num="18" count="2" type="stmt"/>
        <line num="19" count="2" type="stmt"/>
      </file>
      <file name="SocketIO.tsx" path="/Users/alex/Projects/paramview/frontend/src/components/App/SocketIO.tsx">
        <metrics statements="16" coveredstatements="16" conditionals="0" coveredconditionals="0" methods="4" coveredmethods="4"/>
        <line num="1" count="1" type="stmt"/>
        <line num="2" count="1" type="stmt"/>
        <line num="3" count="1" type="stmt"/>
        <line num="4" count="1" type="stmt"/>
        <line num="10" count="1" type="stmt"/>
        <line num="11" count="1" type="stmt"/>
        <line num="13" count="1" type="stmt"/>
        <line num="14" count="1" type="stmt"/>
        <line num="17" count="4" type="stmt"/>
        <line num="21" count="1" type="stmt"/>
        <line num="22" count="1" type="stmt"/>
        <line num="23" count="1" type="stmt"/>
        <line num="24" count="1" type="stmt"/>
        <line num="26" count="1" type="stmt"/>
        <line num="27" count="1" type="stmt"/>
        <line num="31" count="1" type="stmt"/>
      </file>
    </package>
    <package name="frontend.src.components.Header">
      <metrics statements="74" coveredstatements="71" conditionals="5" coveredconditionals="5" methods="28" coveredmethods="25"/>
      <file name="CommitSelect.tsx" path="/Users/alex/Projects/paramview/frontend/src/components/Header/CommitSelect.tsx">
        <metrics statements="39" coveredstatements="39" conditionals="3" coveredconditionals="3" methods="17" coveredmethods="17"/>
        <line num="1" count="2" type="stmt"/>
        <line num="2" count="2" type="stmt"/>
        <line num="19" count="2" type="stmt"/>
        <line num="20" count="2" type="stmt"/>
        <line num="21" count="2" type="stmt"/>
        <line num="22" count="2" type="stmt"/>
        <line num="23" count="2" type="stmt"/>
        <line num="24" count="2" type="stmt"/>
        <line num="26" count="2" type="stmt"/>
        <line num="31" count="2" type="stmt"/>
        <line num="39" count="2" type="stmt"/>
        <line num="43" count="2" type="stmt"/>
        <line num="52" count="2" type="stmt"/>
        <line num="78" count="80" type="stmt"/>
        <line num="79" count="57" type="stmt"/>
        <line num="80" count="57" type="stmt"/>
        <line num="83" count="57" type="stmt"/>
        <line num="91" count="57" type="stmt"/>
        <line num="92" count="14" type="stmt"/>
        <line num="97" count="57" type="stmt"/>
        <line num="99" count="663" type="stmt"/>
        <line num="100" count="663" type="stmt"/>
        <line num="106" count="57" type="stmt"/>
        <line num="107" count="263" type="stmt"/>
        <line num="114" count="57" type="cond" truecount="2" falsecount="0"/>
        <line num="117" count="57" type="stmt"/>
        <line num="118" count="24" type="stmt"/>
        <line num="120" count="144" type="stmt"/>
        <line num="137" count="4" type="cond" truecount="1" falsecount="0"/>
        <line num="138" count="4" type="stmt"/>
        <line num="139" count="4" type="stmt"/>
        <line num="140" count="4" type="stmt"/>
        <line num="144" count="42" type="stmt"/>
        <line num="145" count="5" type="stmt"/>
        <line num="151" count="139" type="stmt"/>
        <line num="180" count="3" type="stmt"/>
        <line num="181" count="3" type="stmt"/>
        <line num="182" count="3" type="stmt"/>
        <line num="193" count="16" type="stmt"/>
      </file>
      <file name="CommitSelectList.tsx" path="/Users/alex/Projects/paramview/frontend/src/components/Header/CommitSelectList.tsx">
        <metrics statements="24" coveredstatements="21" conditionals="2" coveredconditionals="2" methods="9" coveredmethods="6"/>
        <line num="3" count="2" type="stmt"/>
        <line num="4" count="2" type="stmt"/>
        <line num="5" count="2" type="stmt"/>
        <line num="8" count="2" type="stmt"/>
        <line num="14" count="2" type="stmt"/>
        <line num="18" count="139" type="stmt"/>
        <line num="20" count="139" type="stmt"/>
        <line num="24" count="139" type="stmt"/>
        <line num="42" count="2" type="stmt"/>
        <line num="48" count="2" type="stmt"/>
        <line num="50" count="67" type="stmt"/>
        <line num="56" count="2" type="stmt"/>
        <line num="77" count="57" type="stmt"/>
        <line num="79" count="0" type="stmt"/>
        <line num="80" count="0" type="stmt"/>
        <line num="81" count="0" type="stmt"/>
        <line num="88" count="57" type="stmt"/>
        <line num="90" count="67" type="stmt"/>
        <line num="95" count="67" type="stmt"/>
        <line num="97" count="67" type="stmt"/>
        <line num="99" count="67" type="stmt"/>
        <line num="100" count="67" type="stmt"/>
        <line num="101" count="72" type="stmt"/>
        <line num="103" count="67" type="cond" truecount="2" falsecount="0"/>
      </file>
      <file name="Header.tsx" path="/Users/alex/Projects/paramview/frontend/src/components/Header/Header.tsx">
        <metrics statements="11" coveredstatements="11" conditionals="0" coveredconditionals="0" methods="2" coveredmethods="2"/>
        <line num="1" count="1" type="stmt"/>
        <line num="2" count="1" type="stmt"/>
        <line num="3" count="1" type="stmt"/>
        <line num="4" count="1" type="stmt"/>
        <line num="5" count="1" type="stmt"/>
        <line num="6" count="1" type="stmt"/>
        <line num="8" count="1" type="stmt"/>
        <line num="17" count="1" type="stmt"/>
        <line num="24" count="1" type="stmt"/>
        <line num="31" count="6" type="stmt"/>
        <line num="41" count="2" type="stmt"/>
      </file>
    </package>
    <package name="frontend.src.components.ParamSection">
      <metrics statements="33" coveredstatements="33" conditionals="3" coveredconditionals="3" methods="6" coveredmethods="6"/>
      <file name="CollapseItem.tsx" path="/Users/alex/Projects/paramview/frontend/src/components/ParamSection/CollapseItem.tsx">
        <metrics statements="13" coveredstatements="13" conditionals="2" coveredconditionals="2" methods="3" coveredmethods="3"/>
        <line num="1" count="2" type="stmt"/>
        <line num="2" count="2" type="stmt"/>
        <line num="3" count="2" type="stmt"/>
        <line num="4" count="2" type="stmt"/>
        <line num="5" count="2" type="stmt"/>
        <line num="7" count="2" type="stmt"/>
        <line num="12" count="2" type="stmt"/>
        <line num="16" count="2" type="stmt"/>
        <line num="34" count="4" type="stmt"/>
        <line num="39" count="13" type="stmt"/>
        <line num="40" count="13" type="stmt"/>
        <line num="42" count="13" type="stmt"/>
        <line num="46" count="3" type="stmt"/>
      </file>
      <file name="GroupItemContent.tsx" path="/Users/alex/Projects/paramview/frontend/src/components/ParamSection/GroupItemContent.tsx">
        <metrics statements="6" coveredstatements="6" conditionals="1" coveredconditionals="1" methods="1" coveredmethods="1"/>
        <line num="1" count="1" type="stmt"/>
        <line num="2" count="1" type="stmt"/>
        <line num="4" count="1" type="stmt"/>
        <line num="13" count="1" type="stmt"/>
        <line num="19" count="1" type="stmt"/>
        <line num="33" count="1" type="stmt"/>
      </file>
      <file name="LeafItemContent.tsx" path="/Users/alex/Projects/paramview/frontend/src/components/ParamSection/LeafItemContent.tsx">
        <metrics statements="7" coveredstatements="7" conditionals="0" coveredconditionals="0" methods="1" coveredmethods="1"/>
        <line num="1" count="2" type="stmt"/>
        <line num="2" count="2" type="stmt"/>
        <line num="4" count="2" type="stmt"/>
        <line num="5" count="2" type="stmt"/>
        <line num="7" count="2" type="stmt"/>
        <line num="26" count="4" type="stmt"/>
        <line num="27" count="9" type="stmt"/>
      </file>
      <file name="ParamControls.tsx" path="/Users/alex/Projects/paramview/frontend/src/components/ParamSection/ParamControls.tsx">
        <metrics statements="7" coveredstatements="7" conditionals="0" coveredconditionals="0" methods="1" coveredmethods="1"/>
        <line num="1" count="1" type="stmt"/>
        <line num="2" count="1" type="stmt"/>
        <line num="3" count="1" type="stmt"/>
        <line num="5" count="1" type="stmt"/>
        <line num="12" count="5" type="stmt"/>
        <line num="13" count="13" type="stmt"/>
        <line num="15" count="13" type="stmt"/>
      </file>
    </package>
    <package name="frontend.src.utils">
      <metrics statements="79" coveredstatements="79" conditionals="54" coveredconditionals="52" methods="18" coveredmethods="18"/>
      <file name="api.ts" path="/Users/alex/Projects/paramview/frontend/src/utils/api.ts">
        <metrics statements="16" coveredstatements="16" conditionals="8" coveredconditionals="6" methods="1" coveredmethods="1"/>
        <line num="1" count="4" type="stmt"/>
        <line num="4" count="27" type="stmt"/>
        <line num="7" count="27" type="stmt"/>
        <line num="8" count="27" type="stmt"/>
        <line num="10" count="1" type="cond" truecount="1" falsecount="1"/>
        <line num="11" count="1" type="stmt"/>
        <line num="14" count="26" type="stmt"/>
        <line num="17" count="26" type="cond" truecount="1" falsecount="0"/>
        <line num="18" count="3" type="stmt"/>
        <line num="21" count="3" type="stmt"/>
        <line num="22" count="3" type="stmt"/>
        <line num="23" count="1" type="stmt"/>
        <line num="24" count="1" type="cond" truecount="0" falsecount="1"/>
        <line num="26" count="2" type="stmt"/>
        <line num="29" count="3" type="stmt"/>
        <line num="37" count="23" type="stmt"/>
      </file>
      <file name="data.ts" path="/Users/alex/Projects/paramview/frontend/src/utils/data.ts">
        <metrics statements="42" coveredstatements="42" conditionals="28" coveredconditionals="28" methods="6" coveredmethods="6"/>
        <line num="11" count="3" type="stmt"/>
        <line num="12" count="3" type="stmt"/>
        <line num="14" count="3" type="stmt"/>
        <line num="18" count="29" type="stmt"/>
        <line num="20" count="29" type="cond" truecount="1" falsecount="0"/>
        <line num="21" count="16" type="stmt"/>
        <line num="22" count="16" type="stmt"/>
        <line num="24" count="16" type="cond" truecount="1" falsecount="0"/>
        <line num="25" count="8" type="stmt"/>
        <line num="26" count="8" type="cond" truecount="2" falsecount="0"/>
        <line num="31" count="8" type="stmt"/>
        <line num="32" count="8" type="cond" truecount="2" falsecount="0"/>
        <line num="35" count="13" type="stmt"/>
        <line num="41" count="39" type="stmt"/>
        <line num="42" count="39" type="cond" truecount="1" falsecount="0"/>
        <line num="44" count="37" type="cond" truecount="1" falsecount="0"/>
        <line num="46" count="35" type="cond" truecount="3" falsecount="0"/>
        <line num="48" count="31" type="cond" truecount="1" falsecount="0"/>
        <line num="50" count="29" type="cond" truecount="1" falsecount="0"/>
        <line num="52" count="2" type="stmt"/>
        <line num="56" count="10" type="stmt"/>
        <line num="57" count="10" type="cond" truecount="1" falsecount="0"/>
        <line num="59" count="9" type="cond" truecount="1" falsecount="0"/>
        <line num="61" count="8" type="cond" truecount="1" falsecount="0"/>
        <line num="63" count="4" type="cond" truecount="1" falsecount="0"/>
        <line num="65" count="2" type="stmt"/>
        <line num="69" count="10" type="stmt"/>
        <line num="70" count="25" type="cond" truecount="1" falsecount="0"/>
        <line num="72" count="6" type="stmt"/>
        <line num="73" count="25" type="cond" truecount="2" falsecount="0"/>
        <line num="75" count="6" type="stmt"/>
        <line num="79" count="10" type="stmt"/>
        <line num="81" count="16" type="cond" truecount="4" falsecount="0"/>
        <line num="82" count="4" type="stmt"/>
        <line num="83" count="12" type="cond" truecount="2" falsecount="0"/>
        <line num="84" count="2" type="stmt"/>
        <line num="85" count="10" type="cond" truecount="2" falsecount="0"/>
        <line num="87" count="4" type="stmt"/>
        <line num="88" count="4" type="stmt"/>
        <line num="92" count="6" type="stmt"/>
        <line num="93" count="6" type="stmt"/>
        <line num="95" count="16" type="stmt"/>
      </file>
      <file name="timestamp.ts" path="/Users/alex/Projects/paramview/frontend/src/utils/timestamp.ts">
        <metrics statements="2" coveredstatements="2" conditionals="0" coveredconditionals="0" methods="1" coveredmethods="1"/>
        <line num="2" count="280" type="stmt"/>
        <line num="3" count="280" type="stmt"/>
      </file>
      <file name="type.ts" path="/Users/alex/Projects/paramview/frontend/src/utils/type.ts">
        <metrics statements="19" coveredstatements="19" conditionals="18" coveredconditionals="18" methods="10" coveredmethods="10"/>
        <line num="16" count="177" type="cond" truecount="3" falsecount="0"/>
        <line num="20" count="41" type="stmt"/>
        <line num="21" count="73" type="stmt"/>
        <line num="25" count="39" type="stmt"/>
        <line num="26" count="70" type="stmt"/>
        <line num="30" count="31" type="stmt"/>
        <line num="31" count="36" type="cond" truecount="3" falsecount="0"/>
        <line num="35" count="28" type="stmt"/>
        <line num="36" count="42" type="stmt"/>
        <line num="40" count="25" type="stmt"/>
        <line num="41" count="34" type="cond" truecount="3" falsecount="0"/>
        <line num="45" count="14" type="stmt"/>
        <line num="46" count="23" type="stmt"/>
        <line num="50" count="2" type="stmt"/>
        <line num="51" count="11" type="stmt"/>
        <line num="55" count="6" type="stmt"/>
        <line num="56" count="15" type="stmt"/>
        <line num="68" count="45" type="stmt"/>
        <line num="69" count="54" type="cond" truecount="2" falsecount="0"/>
      </file>
    </package>
  </project>
</coverage>
