{"/Users/alex/Projects/paramview/frontend/test-utils.tsx": {"path":"/Users/alex/Projects/paramview/frontend/test-utils.tsx","statementMap":{"0":{"start":{"line":95,"column":9},"end":{"line":95,"column":25}},"1":{"start":{"line":95,"column":33},"end":{"line":95,"column":49}},"2":{"start":{"line":95,"column":57},"end":{"line":95,"column":73}},"3":{"start":{"line":3,"column":25},"end":{"line":3,"column":null}},"4":{"start":{"line":4,"column":32},"end":{"line":4,"column":null}},"5":{"start":{"line":12,"column":7},"end":{"line":12,"column":null}},"6":{"start":{"line":13,"column":27},"end":{"line":13,"column":null}},"7":{"start":{"line":29,"column":2},"end":{"line":29,"column":null}},"8":{"start":{"line":52,"column":21},"end":{"line":58,"column":null}},"9":{"start":{"line":53,"column":2},"end":{"line":58,"column":null}},"10":{"start":{"line":60,"column":23},"end":{"line":64,"column":null}},"11":{"start":{"line":62,"column":2},"end":{"line":64,"column":null}},"12":{"start":{"line":63,"column":34},"end":{"line":63,"column":null}},"13":{"start":{"line":66,"column":28},"end":{"line":69,"column":45}},"14":{"start":{"line":67,"column":2},"end":{"line":69,"column":45}},"15":{"start":{"line":71,"column":27},"end":{"line":74,"column":45}},"16":{"start":{"line":72,"column":2},"end":{"line":74,"column":45}},"17":{"start":{"line":76,"column":74},"end":{"line":79,"column":null}},"18":{"start":{"line":82,"column":19},"end":{"line":89,"column":null}},"19":{"start":{"line":91,"column":21},"end":{"line":91,"column":null}},"20":{"start":{"line":91,"column":47},"end":{"line":91,"column":null}},"21":{"start":{"line":93,"column":21},"end":{"line":93,"column":null}}},"fnMap":{"0":{"name":"HydrateAtoms","decl":{"start":{"line":22,"column":9},"end":{"line":22,"column":22}},"loc":{"start":{"line":28,"column":3},"end":{"line":31,"column":null}}},"1":{"name":"TestWrapper","decl":{"start":{"line":34,"column":9},"end":{"line":34,"column":21}},"loc":{"start":{"line":40,"column":3},"end":{"line":46,"column":null}}},"2":{"name":"(anonymous_6)","decl":{"start":{"line":52,"column":21},"end":{"line":52,"column":22}},"loc":{"start":{"line":53,"column":2},"end":{"line":58,"column":null}}},"3":{"name":"(anonymous_8)","decl":{"start":{"line":60,"column":23},"end":{"line":60,"column":24}},"loc":{"start":{"line":62,"column":2},"end":{"line":64,"column":null}}},"4":{"name":"(anonymous_9)","decl":{"start":{"line":63,"column":16},"end":{"line":63,"column":17}},"loc":{"start":{"line":63,"column":34},"end":{"line":63,"column":null}}},"5":{"name":"(anonymous_10)","decl":{"start":{"line":66,"column":28},"end":{"line":66,"column":29}},"loc":{"start":{"line":67,"column":2},"end":{"line":69,"column":45}}},"6":{"name":"(anonymous_11)","decl":{"start":{"line":71,"column":27},"end":{"line":71,"column":28}},"loc":{"start":{"line":72,"column":2},"end":{"line":74,"column":45}}},"7":{"name":"(anonymous_12)","decl":{"start":{"line":91,"column":21},"end":{"line":91,"column":22}},"loc":{"start":{"line":91,"column":47},"end":{"line":91,"column":null}}}},"branchMap":{"0":{"loc":{"start":{"line":29,"column":18},"end":{"line":29,"column":37}},"type":"binary-expr","locations":[{"start":{"line":29,"column":18},"end":{"line":29,"column":35}},{"start":{"line":29,"column":35},"end":{"line":29,"column":37}}]},"1":{"loc":{"start":{"line":35,"column":2},"end":{"line":35,"column":20}},"type":"default-arg","locations":[{"start":{"line":35,"column":18},"end":{"line":35,"column":20}}]}},"s":{"0":31,"1":69,"2":12,"3":8,"4":8,"5":8,"6":8,"7":31,"8":8,"9":31,"10":8,"11":10,"12":208,"13":8,"14":0,"15":8,"16":0,"17":8,"18":8,"19":8,"20":20,"21":8},"f":{"0":31,"1":31,"2":31,"3":10,"4":208,"5":0,"6":0,"7":20},"b":{"0":[31,0],"1":[16]}}
,"/Users/alex/Projects/paramview/frontend/src/theme.ts": {"path":"/Users/alex/Projects/paramview/frontend/src/theme.ts","statementMap":{"0":{"start":{"line":5,"column":24},"end":{"line":5,"column":30}},"1":{"start":{"line":1,"column":41},"end":{"line":1,"column":null}},"2":{"start":{"line":2,"column":23},"end":{"line":2,"column":null}},"3":{"start":{"line":6,"column":2},"end":{"line":22,"column":null}}},"fnMap":{"0":{"name":"theme","decl":{"start":{"line":5,"column":24},"end":{"line":5,"column":30}},"loc":{"start":{"line":5,"column":59},"end":{"line":23,"column":null}}}},"branchMap":{"0":{"loc":{"start":{"line":5,"column":30},"end":{"line":5,"column":57}},"type":"default-arg","locations":[{"start":{"line":5,"column":50},"end":{"line":5,"column":57}}]}},"s":{"0":69,"1":2,"2":2,"3":69},"f":{"0":69},"b":{"0":[0]}}
,"/Users/alex/Projects/paramview/frontend/src/atoms/api.ts": {"path":"/Users/alex/Projects/paramview/frontend/src/atoms/api.ts","statementMap":{"0":{"start":{"line":17,"column":13},"end":{"line":17,"column":29}},"1":{"start":{"line":27,"column":13},"end":{"line":27,"column":30}},"2":{"start":{"line":34,"column":13},"end":{"line":34,"column":21}},"3":{"start":{"line":1,"column":21},"end":{"line":1,"column":null}},"4":{"start":{"line":3,"column":28},"end":{"line":3,"column":null}},"5":{"start":{"line":4,"column":40},"end":{"line":4,"column":null}},"6":{"start":{"line":11,"column":21},"end":{"line":14,"column":null}},"7":{"start":{"line":12,"column":2},"end":{"line":12,"column":null}},"8":{"start":{"line":13,"column":2},"end":{"line":13,"column":null}},"9":{"start":{"line":17,"column":32},"end":{"line":17,"column":null}},"10":{"start":{"line":17,"column":43},"end":{"line":17,"column":null}},"11":{"start":{"line":24,"column":31},"end":{"line":24,"column":null}},"12":{"start":{"line":27,"column":33},"end":{"line":30,"column":null}},"13":{"start":{"line":28,"column":11},"end":{"line":28,"column":null}},"14":{"start":{"line":30,"column":4},"end":{"line":30,"column":null}},"15":{"start":{"line":34,"column":24},"end":{"line":38,"column":null}},"16":{"start":{"line":35,"column":24},"end":{"line":35,"column":null}},"17":{"start":{"line":36,"column":30},"end":{"line":36,"column":null}},"18":{"start":{"line":37,"column":2},"end":{"line":37,"column":null}}},"fnMap":{"0":{"name":"(anonymous_4)","decl":{"start":{"line":11,"column":67},"end":{"line":11,"column":68}},"loc":{"start":{"line":11,"column":77},"end":{"line":14,"column":null}}},"1":{"name":"(anonymous_5)","decl":{"start":{"line":17,"column":37},"end":{"line":17,"column":43}},"loc":{"start":{"line":17,"column":43},"end":{"line":17,"column":null}}},"2":{"name":"(anonymous_6)","decl":{"start":{"line":24,"column":63},"end":{"line":24,"column":69}},"loc":{"start":{"line":24,"column":69},"end":{"line":24,"column":null}}},"3":{"name":"(anonymous_7)","decl":{"start":{"line":28,"column":2},"end":{"line":28,"column":3}},"loc":{"start":{"line":28,"column":11},"end":{"line":28,"column":null}}},"4":{"name":"(anonymous_8)","decl":{"start":{"line":29,"column":2},"end":{"line":29,"column":3}},"loc":{"start":{"line":30,"column":4},"end":{"line":30,"column":null}}},"5":{"name":"(anonymous_9)","decl":{"start":{"line":34,"column":29},"end":{"line":34,"column":36}},"loc":{"start":{"line":34,"column":44},"end":{"line":38,"column":null}}}},"branchMap":{},"s":{"0":6,"1":95,"2":0,"3":3,"4":3,"5":3,"6":3,"7":3,"8":3,"9":3,"10":2,"11":3,"12":3,"13":16,"14":18,"15":3,"16":0,"17":0,"18":0},"f":{"0":3,"1":2,"2":3,"3":16,"4":18,"5":0},"b":{}}
,"/Users/alex/Projects/paramview/frontend/src/atoms/commitSelect.ts": {"path":"/Users/alex/Projects/paramview/frontend/src/atoms/commitSelect.ts","statementMap":{"0":{"start":{"line":5,"column":13},"end":{"line":5,"column":27}},"1":{"start":{"line":14,"column":13},"end":{"line":14,"column":36}},"2":{"start":{"line":1,"column":21},"end":{"line":1,"column":null}},"3":{"start":{"line":2,"column":52},"end":{"line":2,"column":null}},"4":{"start":{"line":5,"column":30},"end":{"line":5,"column":null}},"5":{"start":{"line":8,"column":37},"end":{"line":8,"column":null}},"6":{"start":{"line":14,"column":39},"end":{"line":25,"column":null}},"7":{"start":{"line":16,"column":32},"end":{"line":16,"column":69}},"8":{"start":{"line":17,"column":4},"end":{"line":19,"column":5}},"9":{"start":{"line":18,"column":6},"end":{"line":18,"column":81}},"10":{"start":{"line":20,"column":4},"end":{"line":22,"column":null}},"11":{"start":{"line":25,"column":4},"end":{"line":25,"column":null}}},"fnMap":{"0":{"name":"(anonymous_3)","decl":{"start":{"line":15,"column":2},"end":{"line":15,"column":9}},"loc":{"start":{"line":15,"column":17},"end":{"line":23,"column":null}}},"1":{"name":"(anonymous_4)","decl":{"start":{"line":24,"column":2},"end":{"line":24,"column":3}},"loc":{"start":{"line":25,"column":4},"end":{"line":25,"column":null}}}},"branchMap":{"0":{"loc":{"start":{"line":17,"column":4},"end":{"line":19,"column":5}},"type":"if","locations":[{"start":{"line":17,"column":4},"end":{"line":19,"column":5}}]},"1":{"loc":{"start":{"line":20,"column":11},"end":{"line":22,"column":41}},"type":"cond-expr","locations":[{"start":{"line":21,"column":8},"end":{"line":21,"column":null}},{"start":{"line":22,"column":8},"end":{"line":22,"column":41}}]}},"s":{"0":57,"1":80,"2":3,"3":3,"4":3,"5":3,"6":3,"7":23,"8":21,"9":0,"10":21,"11":7},"f":{"0":23,"1":7},"b":{"0":[0],"1":[16,5]}}
,"/Users/alex/Projects/paramview/frontend/src/atoms/paramList.ts": {"path":"/Users/alex/Projects/paramview/frontend/src/atoms/paramList.ts","statementMap":{"0":{"start":{"line":10,"column":13},"end":{"line":10,"column":25}},"1":{"start":{"line":19,"column":13},"end":{"line":19,"column":22}},"2":{"start":{"line":1,"column":21},"end":{"line":1,"column":null}},"3":{"start":{"line":4,"column":26},"end":{"line":4,"column":null}},"4":{"start":{"line":10,"column":28},"end":{"line":12,"column":null}},"5":{"start":{"line":11,"column":11},"end":{"line":11,"column":null}},"6":{"start":{"line":12,"column":14},"end":{"line":12,"column":null}},"7":{"start":{"line":16,"column":23},"end":{"line":16,"column":null}},"8":{"start":{"line":19,"column":25},"end":{"line":21,"column":null}},"9":{"start":{"line":20,"column":11},"end":{"line":20,"column":null}},"10":{"start":{"line":21,"column":16},"end":{"line":21,"column":null}}},"fnMap":{"0":{"name":"(anonymous_3)","decl":{"start":{"line":11,"column":2},"end":{"line":11,"column":3}},"loc":{"start":{"line":11,"column":11},"end":{"line":11,"column":null}}},"1":{"name":"(anonymous_4)","decl":{"start":{"line":12,"column":2},"end":{"line":12,"column":3}},"loc":{"start":{"line":12,"column":14},"end":{"line":12,"column":null}}},"2":{"name":"(anonymous_5)","decl":{"start":{"line":20,"column":2},"end":{"line":20,"column":3}},"loc":{"start":{"line":20,"column":11},"end":{"line":20,"column":null}}},"3":{"name":"(anonymous_6)","decl":{"start":{"line":21,"column":2},"end":{"line":21,"column":3}},"loc":{"start":{"line":21,"column":16},"end":{"line":21,"column":null}}}},"branchMap":{},"s":{"0":26,"1":23,"2":3,"3":3,"4":3,"5":5,"6":1,"7":3,"8":3,"9":11,"10":4},"f":{"0":5,"1":1,"2":11,"3":4},"b":{}}
,"/Users/alex/Projects/paramview/frontend/src/components/App/ErrorAlert.tsx": {"path":"/Users/alex/Projects/paramview/frontend/src/components/App/ErrorAlert.tsx","statementMap":{"0":{"start":{"line":18,"column":24},"end":{"line":18,"column":35}},"1":{"start":{"line":2,"column":73},"end":{"line":2,"column":null}},"2":{"start":{"line":3,"column":24},"end":{"line":3,"column":null}},"3":{"start":{"line":5,"column":21},"end":{"line":10,"column":null}},"4":{"start":{"line":12,"column":24},"end":{"line":15,"column":null}},"5":{"start":{"line":19,"column":2},"end":{"line":19,"column":null}}},"fnMap":{"0":{"name":"ErrorAlert","decl":{"start":{"line":18,"column":24},"end":{"line":18,"column":35}},"loc":{"start":{"line":18,"column":81},"end":{"line":32,"column":null}}}},"branchMap":{},"s":{"0":2,"1":1,"2":1,"3":1,"4":1,"5":2},"f":{"0":2},"b":{}}
,"/Users/alex/Projects/paramview/frontend/src/components/App/SocketIO.tsx": {"path":"/Users/alex/Projects/paramview/frontend/src/components/App/SocketIO.tsx","statementMap":{"0":{"start":{"line":10,"column":24},"end":{"line":10,"column":35}},"1":{"start":{"line":1,"column":19},"end":{"line":1,"column":null}},"2":{"start":{"line":2,"column":43},"end":{"line":2,"column":null}},"3":{"start":{"line":3,"column":27},"end":{"line":3,"column":null}},"4":{"start":{"line":4,"column":34},"end":{"line":4,"column":null}},"5":{"start":{"line":11,"column":30},"end":{"line":11,"column":null}},"6":{"start":{"line":13,"column":2},"end":{"line":29,"column":null}},"7":{"start":{"line":14,"column":19},"end":{"line":14,"column":null}},"8":{"start":{"line":17,"column":27},"end":{"line":17,"column":null}},"9":{"start":{"line":17,"column":33},"end":{"line":17,"column":null}},"10":{"start":{"line":21,"column":4},"end":{"line":21,"column":null}},"11":{"start":{"line":22,"column":4},"end":{"line":22,"column":null}},"12":{"start":{"line":23,"column":4},"end":{"line":23,"column":null}},"13":{"start":{"line":24,"column":4},"end":{"line":24,"column":null}},"14":{"start":{"line":26,"column":4},"end":{"line":28,"column":null}},"15":{"start":{"line":27,"column":6},"end":{"line":27,"column":null}},"16":{"start":{"line":31,"column":2},"end":{"line":31,"column":null}}},"fnMap":{"0":{"name":"SocketIO","decl":{"start":{"line":10,"column":24},"end":{"line":10,"column":35}},"loc":{"start":{"line":10,"column":35},"end":{"line":32,"column":null}}},"1":{"name":"(anonymous_2)","decl":{"start":{"line":13,"column":12},"end":{"line":13,"column":18}},"loc":{"start":{"line":13,"column":18},"end":{"line":29,"column":5}}},"2":{"name":"(anonymous_3)","decl":{"start":{"line":17,"column":27},"end":{"line":17,"column":33}},"loc":{"start":{"line":17,"column":33},"end":{"line":17,"column":null}}},"3":{"name":"(anonymous_4)","decl":{"start":{"line":26,"column":11},"end":{"line":26,"column":17}},"loc":{"start":{"line":26,"column":17},"end":{"line":28,"column":null}}}},"branchMap":{},"s":{"0":1,"1":1,"2":1,"3":1,"4":1,"5":1,"6":1,"7":1,"8":1,"9":4,"10":1,"11":1,"12":1,"13":1,"14":1,"15":1,"16":1},"f":{"0":1,"1":1,"2":4,"3":1},"b":{}}
,"/Users/alex/Projects/paramview/frontend/src/components/Header/CommitSelect.tsx": {"path":"/Users/alex/Projects/paramview/frontend/src/components/Header/CommitSelect.tsx","statementMap":{"0":{"start":{"line":193,"column":24},"end":{"line":193,"column":39}},"1":{"start":{"line":1,"column":74},"end":{"line":1,"column":null}},"2":{"start":{"line":2,"column":24},"end":{"line":2,"column":null}},"3":{"start":{"line":19,"column":7},"end":{"line":19,"column":null}},"4":{"start":{"line":20,"column":18},"end":{"line":20,"column":null}},"5":{"start":{"line":21,"column":27},"end":{"line":21,"column":null}},"6":{"start":{"line":22,"column":34},"end":{"line":22,"column":null}},"7":{"start":{"line":23,"column":56},"end":{"line":23,"column":null}},"8":{"start":{"line":24,"column":58},"end":{"line":24,"column":null}},"9":{"start":{"line":26,"column":23},"end":{"line":29,"column":null}},"10":{"start":{"line":31,"column":23},"end":{"line":37,"column":null}},"11":{"start":{"line":39,"column":16},"end":{"line":41,"column":null}},"12":{"start":{"line":43,"column":20},"end":{"line":50,"column":null}},"13":{"start":{"line":52,"column":17},"end":{"line":57,"column":null}},"14":{"start":{"line":78,"column":56},"end":{"line":78,"column":null}},"15":{"start":{"line":79,"column":38},"end":{"line":79,"column":null}},"16":{"start":{"line":80,"column":26},"end":{"line":80,"column":null}},"17":{"start":{"line":83,"column":62},"end":{"line":84,"column":null}},"18":{"start":{"line":91,"column":24},"end":{"line":93,"column":null}},"19":{"start":{"line":92,"column":10},"end":{"line":92,"column":null}},"20":{"start":{"line":97,"column":21},"end":{"line":102,"column":null}},"21":{"start":{"line":99,"column":21},"end":{"line":99,"column":47}},"22":{"start":{"line":100,"column":6},"end":{"line":100,"column":null}},"23":{"start":{"line":106,"column":23},"end":{"line":108,"column":null}},"24":{"start":{"line":107,"column":29},"end":{"line":107,"column":null}},"25":{"start":{"line":114,"column":29},"end":{"line":114,"column":null}},"26":{"start":{"line":117,"column":39},"end":{"line":124,"column":null}},"27":{"start":{"line":118,"column":4},"end":{"line":123,"column":null}},"28":{"start":{"line":120,"column":38},"end":{"line":120,"column":67}},"29":{"start":{"line":137,"column":12},"end":{"line":142,"column":13}},"30":{"start":{"line":138,"column":14},"end":{"line":141,"column":null}},"31":{"start":{"line":139,"column":16},"end":{"line":139,"column":null}},"32":{"start":{"line":140,"column":16},"end":{"line":140,"column":null}},"33":{"start":{"line":144,"column":49},"end":{"line":144,"column":null}},"34":{"start":{"line":145,"column":25},"end":{"line":145,"column":null}},"35":{"start":{"line":145,"column":47},"end":{"line":145,"column":null}},"36":{"start":{"line":151,"column":43},"end":{"line":151,"column":null}},"37":{"start":{"line":180,"column":14},"end":{"line":183,"column":null}},"38":{"start":{"line":181,"column":16},"end":{"line":181,"column":null}},"39":{"start":{"line":182,"column":16},"end":{"line":182,"column":null}}},"fnMap":{"0":{"name":"LightModePaper","decl":{"start":{"line":63,"column":9},"end":{"line":63,"column":24}},"loc":{"start":{"line":63,"column":43},"end":{"line":69,"column":null}}},"1":{"name":"StyledPopper","decl":{"start":{"line":72,"column":9},"end":{"line":72,"column":22}},"loc":{"start":{"line":72,"column":42},"end":{"line":74,"column":null}}},"2":{"name":"CommitSelectContents","decl":{"start":{"line":77,"column":9},"end":{"line":77,"column":32}},"loc":{"start":{"line":77,"column":32},"end":{"line":190,"column":null}}},"3":{"name":"(anonymous_8)","decl":{"start":{"line":92,"column":4},"end":{"line":92,"column":10}},"loc":{"start":{"line":92,"column":10},"end":{"line":92,"column":null}}},"4":{"name":"(anonymous_9)","decl":{"start":{"line":98,"column":4},"end":{"line":98,"column":5}},"loc":{"start":{"line":98,"column":29},"end":{"line":101,"column":null}}},"5":{"name":"(anonymous_10)","decl":{"start":{"line":107,"column":4},"end":{"line":107,"column":5}},"loc":{"start":{"line":107,"column":29},"end":{"line":107,"column":null}}},"6":{"name":"(anonymous_11)","decl":{"start":{"line":117,"column":47},"end":{"line":117,"column":53}},"loc":{"start":{"line":117,"column":53},"end":{"line":124,"column":5}}},"7":{"name":"(anonymous_12)","decl":{"start":{"line":120,"column":13},"end":{"line":120,"column":14}},"loc":{"start":{"line":120,"column":38},"end":{"line":120,"column":67}}},"8":{"name":"(anonymous_13)","decl":{"start":{"line":136,"column":20},"end":{"line":136,"column":21}},"loc":{"start":{"line":136,"column":40},"end":{"line":143,"column":null}}},"9":{"name":"(anonymous_14)","decl":{"start":{"line":138,"column":30},"end":{"line":138,"column":36}},"loc":{"start":{"line":138,"column":36},"end":{"line":141,"column":null}}},"10":{"name":"(anonymous_15)","decl":{"start":{"line":144,"column":29},"end":{"line":144,"column":30}},"loc":{"start":{"line":144,"column":49},"end":{"line":144,"column":null}}},"11":{"name":"(anonymous_16)","decl":{"start":{"line":145,"column":19},"end":{"line":145,"column":25}},"loc":{"start":{"line":145,"column":25},"end":{"line":145,"column":null}}},"12":{"name":"(anonymous_17)","decl":{"start":{"line":145,"column":41},"end":{"line":145,"column":47}},"loc":{"start":{"line":145,"column":47},"end":{"line":145,"column":null}}},"13":{"name":"(anonymous_18)","decl":{"start":{"line":151,"column":24},"end":{"line":151,"column":25}},"loc":{"start":{"line":151,"column":43},"end":{"line":151,"column":null}}},"14":{"name":"(anonymous_20)","decl":{"start":{"line":179,"column":22},"end":{"line":179,"column":null}},"loc":{"start":{"line":180,"column":14},"end":{"line":183,"column":null}}},"15":{"name":"(anonymous_21)","decl":{"start":{"line":180,"column":30},"end":{"line":180,"column":36}},"loc":{"start":{"line":180,"column":36},"end":{"line":183,"column":null}}},"16":{"name":"CommitSelect","decl":{"start":{"line":193,"column":24},"end":{"line":193,"column":39}},"loc":{"start":{"line":193,"column":39},"end":{"line":199,"column":null}}}},"branchMap":{"0":{"loc":{"start":{"line":114,"column":29},"end":{"line":114,"column":null}},"type":"binary-expr","locations":[{"start":{"line":114,"column":29},"end":{"line":114,"column":55}},{"start":{"line":114,"column":55},"end":{"line":114,"column":null}}]},"1":{"loc":{"start":{"line":137,"column":12},"end":{"line":142,"column":13}},"type":"if","locations":[{"start":{"line":137,"column":12},"end":{"line":142,"column":13}}]}},"s":{"0":16,"1":2,"2":2,"3":2,"4":2,"5":2,"6":2,"7":2,"8":2,"9":2,"10":2,"11":2,"12":2,"13":2,"14":80,"15":57,"16":57,"17":57,"18":57,"19":14,"20":57,"21":663,"22":663,"23":57,"24":263,"25":57,"26":57,"27":24,"28":144,"29":4,"30":4,"31":4,"32":4,"33":42,"34":5,"35":5,"36":139,"37":3,"38":3,"39":3},"f":{"0":67,"1":110,"2":80,"3":14,"4":663,"5":263,"6":24,"7":144,"8":4,"9":4,"10":42,"11":5,"12":5,"13":139,"14":3,"15":3,"16":16},"b":{"0":[57,40],"1":[4]}}
,"/Users/alex/Projects/paramview/frontend/src/components/Header/CommitSelectList.tsx": {"path":"/Users/alex/Projects/paramview/frontend/src/components/Header/CommitSelectList.tsx","statementMap":{"0":{"start":{"line":77,"column":13},"end":{"line":77,"column":36}},"1":{"start":{"line":88,"column":0},"end":{"line":88,"column":15}},"2":{"start":{"line":3,"column":71},"end":{"line":3,"column":null}},"3":{"start":{"line":4,"column":55},"end":{"line":4,"column":null}},"4":{"start":{"line":5,"column":50},"end":{"line":5,"column":null}},"5":{"start":{"line":8,"column":19},"end":{"line":8,"column":null}},"6":{"start":{"line":14,"column":23},"end":{"line":14,"column":null}},"7":{"start":{"line":18,"column":49},"end":{"line":18,"column":null}},"8":{"start":{"line":20,"column":30},"end":{"line":20,"column":45}},"9":{"start":{"line":24,"column":23},"end":{"line":27,"column":null}},"10":{"start":{"line":42,"column":28},"end":{"line":42,"column":null}},"11":{"start":{"line":48,"column":33},"end":{"line":52,"column":null}},"12":{"start":{"line":50,"column":23},"end":{"line":50,"column":null}},"13":{"start":{"line":56,"column":33},"end":{"line":59,"column":null}},"14":{"start":{"line":77,"column":39},"end":{"line":82,"column":null}},"15":{"start":{"line":79,"column":15},"end":{"line":79,"column":null}},"16":{"start":{"line":80,"column":20},"end":{"line":80,"column":null}},"17":{"start":{"line":81,"column":22},"end":{"line":81,"column":null}},"18":{"start":{"line":88,"column":15},"end":{"line":126,"column":null}},"19":{"start":{"line":90,"column":69},"end":{"line":91,"column":null}},"20":{"start":{"line":95,"column":21},"end":{"line":95,"column":null}},"21":{"start":{"line":97,"column":21},"end":{"line":97,"column":null}},"22":{"start":{"line":99,"column":22},"end":{"line":104,"column":null}},"23":{"start":{"line":100,"column":28},"end":{"line":101,"column":null}},"24":{"start":{"line":101,"column":29},"end":{"line":101,"column":null}},"25":{"start":{"line":103,"column":6},"end":{"line":103,"column":null}}},"fnMap":{"0":{"name":"Item","decl":{"start":{"line":17,"column":9},"end":{"line":17,"column":14}},"loc":{"start":{"line":17,"column":63},"end":{"line":39,"column":null}}},"1":{"name":"CommitSelectOuterElement","decl":{"start":{"line":49,"column":11},"end":{"line":49,"column":36}},"loc":{"start":{"line":49,"column":48},"end":{"line":52,"column":null}}},"2":{"name":"CommitSelectInnerElement","decl":{"start":{"line":57,"column":11},"end":{"line":57,"column":36}},"loc":{"start":{"line":57,"column":48},"end":{"line":59,"column":null}}},"3":{"name":"(anonymous_6)","decl":{"start":{"line":79,"column":9},"end":{"line":79,"column":15}},"loc":{"start":{"line":79,"column":15},"end":{"line":79,"column":null}}},"4":{"name":"(anonymous_7)","decl":{"start":{"line":80,"column":14},"end":{"line":80,"column":20}},"loc":{"start":{"line":80,"column":20},"end":{"line":80,"column":null}}},"5":{"name":"(anonymous_8)","decl":{"start":{"line":81,"column":16},"end":{"line":81,"column":22}},"loc":{"start":{"line":81,"column":22},"end":{"line":81,"column":null}}},"6":{"name":"CommitSelectList","decl":{"start":{"line":89,"column":11},"end":{"line":89,"column":28}},"loc":{"start":{"line":89,"column":57},"end":{"line":126,"column":null}}},"7":{"name":"(anonymous_10)","decl":{"start":{"line":99,"column":30},"end":{"line":99,"column":36}},"loc":{"start":{"line":99,"column":36},"end":{"line":104,"column":7}}},"8":{"name":"(anonymous_11)","decl":{"start":{"line":101,"column":8},"end":{"line":101,"column":9}},"loc":{"start":{"line":101,"column":29},"end":{"line":101,"column":null}}}},"branchMap":{"0":{"loc":{"start":{"line":103,"column":13},"end":{"line":103,"column":53}},"type":"cond-expr","locations":[{"start":{"line":103,"column":36},"end":{"line":103,"column":40}},{"start":{"line":103,"column":40},"end":{"line":103,"column":53}}]}},"s":{"0":57,"1":57,"2":2,"3":2,"4":2,"5":2,"6":2,"7":139,"8":139,"9":139,"10":2,"11":2,"12":67,"13":2,"14":2,"15":0,"16":0,"17":0,"18":2,"19":67,"20":67,"21":67,"22":67,"23":67,"24":72,"25":67},"f":{"0":139,"1":67,"2":67,"3":0,"4":0,"5":0,"6":67,"7":67,"8":72},"b":{"0":[8,59]}}
,"/Users/alex/Projects/paramview/frontend/src/components/Header/Header.tsx": {"path":"/Users/alex/Projects/paramview/frontend/src/components/Header/Header.tsx","statementMap":{"0":{"start":{"line":41,"column":24},"end":{"line":41,"column":33}},"1":{"start":{"line":1,"column":25},"end":{"line":1,"column":null}},"2":{"start":{"line":2,"column":24},"end":{"line":2,"column":null}},"3":{"start":{"line":3,"column":55},"end":{"line":3,"column":null}},"4":{"start":{"line":4,"column":18},"end":{"line":4,"column":null}},"5":{"start":{"line":5,"column":33},"end":{"line":5,"column":null}},"6":{"start":{"line":6,"column":25},"end":{"line":6,"column":null}},"7":{"start":{"line":8,"column":18},"end":{"line":15,"column":null}},"8":{"start":{"line":17,"column":23},"end":{"line":22,"column":null}},"9":{"start":{"line":24,"column":32},"end":{"line":27,"column":null}},"10":{"start":{"line":31,"column":25},"end":{"line":31,"column":null}}},"fnMap":{"0":{"name":"DatabaseName","decl":{"start":{"line":30,"column":9},"end":{"line":30,"column":24}},"loc":{"start":{"line":30,"column":24},"end":{"line":38,"column":null}}},"1":{"name":"Header","decl":{"start":{"line":41,"column":24},"end":{"line":41,"column":33}},"loc":{"start":{"line":41,"column":33},"end":{"line":56,"column":null}}}},"branchMap":{},"s":{"0":2,"1":1,"2":1,"3":1,"4":1,"5":1,"6":1,"7":1,"8":1,"9":1,"10":6},"f":{"0":6,"1":2},"b":{}}
,"/Users/alex/Projects/paramview/frontend/src/components/ParamSection/CollapseItem.tsx": {"path":"/Users/alex/Projects/paramview/frontend/src/components/ParamSection/CollapseItem.tsx","statementMap":{"0":{"start":{"line":34,"column":24},"end":{"line":34,"column":42}},"1":{"start":{"line":1,"column":36},"end":{"line":1,"column":null}},"2":{"start":{"line":2,"column":24},"end":{"line":2,"column":null}},"3":{"start":{"line":3,"column":55},"end":{"line":3,"column":null}},"4":{"start":{"line":4,"column":41},"end":{"line":4,"column":null}},"5":{"start":{"line":5,"column":29},"end":{"line":5,"column":null}},"6":{"start":{"line":7,"column":25},"end":{"line":10,"column":null}},"7":{"start":{"line":12,"column":15},"end":{"line":14,"column":null}},"8":{"start":{"line":16,"column":19},"end":{"line":19,"column":null}},"9":{"start":{"line":39,"column":21},"end":{"line":39,"column":null}},"10":{"start":{"line":40,"column":26},"end":{"line":40,"column":null}},"11":{"start":{"line":42,"column":2},"end":{"line":42,"column":null}},"12":{"start":{"line":42,"column":18},"end":{"line":42,"column":40}},"13":{"start":{"line":46,"column":74},"end":{"line":46,"column":null}}},"fnMap":{"0":{"name":"ParamCollapseItem","decl":{"start":{"line":34,"column":24},"end":{"line":34,"column":42}},"loc":{"start":{"line":38,"column":23},"end":{"line":57,"column":null}}},"1":{"name":"(anonymous_2)","decl":{"start":{"line":42,"column":12},"end":{"line":42,"column":18}},"loc":{"start":{"line":42,"column":18},"end":{"line":42,"column":40}}},"2":{"name":"(anonymous_3)","decl":{"start":{"line":46,"column":68},"end":{"line":46,"column":74}},"loc":{"start":{"line":46,"column":74},"end":{"line":46,"column":null}}}},"branchMap":{"0":{"loc":{"start":{"line":48,"column":11},"end":{"line":48,"column":51}},"type":"cond-expr","locations":[{"start":{"line":48,"column":18},"end":{"line":48,"column":35}},{"start":{"line":48,"column":35},"end":{"line":48,"column":51}}]}},"s":{"0":4,"1":2,"2":2,"3":2,"4":2,"5":2,"6":2,"7":2,"8":2,"9":13,"10":13,"11":13,"12":5,"13":3},"f":{"0":13,"1":5,"2":3},"b":{"0":[5,8]}}
,"/Users/alex/Projects/paramview/frontend/src/components/ParamSection/GroupItemContent.tsx": {"path":"/Users/alex/Projects/paramview/frontend/src/components/ParamSection/GroupItemContent.tsx","statementMap":{"0":{"start":{"line":33,"column":24},"end":{"line":33,"column":41}},"1":{"start":{"line":1,"column":32},"end":{"line":1,"column":null}},"2":{"start":{"line":2,"column":27},"end":{"line":2,"column":null}},"3":{"start":{"line":4,"column":22},"end":{"line":11,"column":null}},"4":{"start":{"line":13,"column":24},"end":{"line":17,"column":null}},"5":{"start":{"line":19,"column":20},"end":{"line":21,"column":null}}},"fnMap":{"0":{"name":"GroupItemContent","decl":{"start":{"line":33,"column":24},"end":{"line":33,"column":41}},"loc":{"start":{"line":37,"column":26},"end":{"line":53,"column":null}}}},"branchMap":{"0":{"loc":{"start":{"line":46,"column":7},"end":{"line":46,"column":null}},"type":"binary-expr","locations":[{"start":{"line":46,"column":7},"end":{"line":46,"column":null}}]}},"s":{"0":1,"1":1,"2":1,"3":1,"4":1,"5":1},"f":{"0":1},"b":{"0":[1]}}
,"/Users/alex/Projects/paramview/frontend/src/components/ParamSection/LeafItemContent.tsx": {"path":"/Users/alex/Projects/paramview/frontend/src/components/ParamSection/LeafItemContent.tsx","statementMap":{"0":{"start":{"line":26,"column":24},"end":{"line":26,"column":40}},"1":{"start":{"line":1,"column":24},"end":{"line":1,"column":null}},"2":{"start":{"line":2,"column":32},"end":{"line":2,"column":null}},"3":{"start":{"line":4,"column":29},"end":{"line":4,"column":null}},"4":{"start":{"line":5,"column":26},"end":{"line":5,"column":null}},"5":{"start":{"line":7,"column":26},"end":{"line":16,"column":null}},"6":{"start":{"line":27,"column":18},"end":{"line":27,"column":null}}},"fnMap":{"0":{"name":"LeafItemContent","decl":{"start":{"line":26,"column":24},"end":{"line":26,"column":40}},"loc":{"start":{"line":26,"column":79},"end":{"line":35,"column":null}}}},"branchMap":{},"s":{"0":4,"1":2,"2":2,"3":2,"4":2,"5":2,"6":9},"f":{"0":9},"b":{}}
,"/Users/alex/Projects/paramview/frontend/src/components/ParamSection/ParamControls.tsx": {"path":"/Users/alex/Projects/paramview/frontend/src/components/ParamSection/ParamControls.tsx","statementMap":{"0":{"start":{"line":12,"column":24},"end":{"line":12,"column":40}},"1":{"start":{"line":1,"column":36},"end":{"line":1,"column":null}},"2":{"start":{"line":2,"column":65},"end":{"line":2,"column":null}},"3":{"start":{"line":3,"column":40},"end":{"line":3,"column":null}},"4":{"start":{"line":5,"column":24},"end":{"line":9,"column":null}},"5":{"start":{"line":13,"column":31},"end":{"line":13,"column":null}},"6":{"start":{"line":15,"column":22},"end":{"line":15,"column":null}}},"fnMap":{"0":{"name":"ParamControls","decl":{"start":{"line":12,"column":24},"end":{"line":12,"column":40}},"loc":{"start":{"line":12,"column":40},"end":{"line":34,"column":null}}}},"branchMap":{},"s":{"0":5,"1":1,"2":1,"3":1,"4":1,"5":13,"6":13},"f":{"0":13},"b":{}}
,"/Users/alex/Projects/paramview/frontend/src/utils/api.ts": {"path":"/Users/alex/Projects/paramview/frontend/src/utils/api.ts","statementMap":{"0":{"start":{"line":4,"column":22},"end":{"line":4,"column":37}},"1":{"start":{"line":1,"column":26},"end":{"line":1,"column":null}},"2":{"start":{"line":7,"column":2},"end":{"line":12,"column":null}},"3":{"start":{"line":8,"column":4},"end":{"line":8,"column":null}},"4":{"start":{"line":10,"column":20},"end":{"line":10,"column":74}},"5":{"start":{"line":11,"column":4},"end":{"line":11,"column":54}},"6":{"start":{"line":14,"column":23},"end":{"line":14,"column":null}},"7":{"start":{"line":17,"column":2},"end":{"line":35,"column":3}},"8":{"start":{"line":18,"column":35},"end":{"line":18,"column":null}},"9":{"start":{"line":21,"column":4},"end":{"line":27,"column":null}},"10":{"start":{"line":22,"column":27},"end":{"line":22,"column":null}},"11":{"start":{"line":23,"column":6},"end":{"line":23,"column":null}},"12":{"start":{"line":24,"column":6},"end":{"line":24,"column":74}},"13":{"start":{"line":24,"column":56},"end":{"line":24,"column":74}},"14":{"start":{"line":26,"column":6},"end":{"line":26,"column":null}},"15":{"start":{"line":29,"column":4},"end":{"line":33,"column":53}},"16":{"start":{"line":37,"column":2},"end":{"line":37,"column":null}}},"fnMap":{"0":{"name":"requestData","decl":{"start":{"line":4,"column":22},"end":{"line":4,"column":37}},"loc":{"start":{"line":4,"column":50},"end":{"line":38,"column":null}}}},"branchMap":{"0":{"loc":{"start":{"line":10,"column":20},"end":{"line":10,"column":74}},"type":"cond-expr","locations":[{"start":{"line":10,"column":45},"end":{"line":10,"column":58}},{"start":{"line":10,"column":61},"end":{"line":10,"column":74}}]},"1":{"loc":{"start":{"line":17,"column":2},"end":{"line":35,"column":3}},"type":"if","locations":[{"start":{"line":17,"column":2},"end":{"line":35,"column":3}}]},"2":{"loc":{"start":{"line":24,"column":6},"end":{"line":24,"column":74}},"type":"if","locations":[{"start":{"line":24,"column":6},"end":{"line":24,"column":74}}]},"3":{"loc":{"start":{"line":31,"column":9},"end":{"line":31,"column":41}},"type":"cond-expr","locations":[{"start":{"line":31,"column":30},"end":{"line":31,"column":40}},{"start":{"line":31,"column":40},"end":{"line":31,"column":41}}]},"4":{"loc":{"start":{"line":33,"column":9},"end":{"line":33,"column":53}},"type":"cond-expr","locations":[{"start":{"line":33,"column":32},"end":{"line":33,"column":52}},{"start":{"line":33,"column":52},"end":{"line":33,"column":53}}]}},"s":{"0":27,"1":4,"2":27,"3":27,"4":1,"5":1,"6":26,"7":26,"8":3,"9":3,"10":3,"11":1,"12":1,"13":0,"14":2,"15":3,"16":23},"f":{"0":27},"b":{"0":[1,0],"1":[3],"2":[0],"3":[2,1],"4":[1,2]}}
,"/Users/alex/Projects/paramview/frontend/src/utils/data.ts": {"path":"/Users/alex/Projects/paramview/frontend/src/utils/data.ts","statementMap":{"0":{"start":{"line":41,"column":16},"end":{"line":41,"column":28}},"1":{"start":{"line":56,"column":16},"end":{"line":56,"column":23}},"2":{"start":{"line":69,"column":16},"end":{"line":69,"column":28}},"3":{"start":{"line":79,"column":16},"end":{"line":79,"column":27}},"4":{"start":{"line":11,"column":7},"end":{"line":11,"column":null}},"5":{"start":{"line":12,"column":27},"end":{"line":12,"column":null}},"6":{"start":{"line":14,"column":18},"end":{"line":14,"column":null}},"7":{"start":{"line":18,"column":20},"end":{"line":18,"column":null}},"8":{"start":{"line":20,"column":2},"end":{"line":33,"column":3}},"9":{"start":{"line":21,"column":24},"end":{"line":21,"column":null}},"10":{"start":{"line":22,"column":21},"end":{"line":22,"column":null}},"11":{"start":{"line":24,"column":4},"end":{"line":29,"column":5}},"12":{"start":{"line":25,"column":37},"end":{"line":25,"column":null}},"13":{"start":{"line":26,"column":6},"end":{"line":28,"column":null}},"14":{"start":{"line":31,"column":27},"end":{"line":31,"column":null}},"15":{"start":{"line":32,"column":4},"end":{"line":32,"column":null}},"16":{"start":{"line":35,"column":2},"end":{"line":35,"column":null}},"17":{"start":{"line":42,"column":2},"end":{"line":42,"column":null}},"18":{"start":{"line":42,"column":25},"end":{"line":42,"column":null}},"19":{"start":{"line":44,"column":2},"end":{"line":44,"column":null}},"20":{"start":{"line":44,"column":25},"end":{"line":44,"column":null}},"21":{"start":{"line":46,"column":2},"end":{"line":46,"column":null}},"22":{"start":{"line":46,"column":34},"end":{"line":46,"column":null}},"23":{"start":{"line":48,"column":2},"end":{"line":48,"column":null}},"24":{"start":{"line":48,"column":22},"end":{"line":48,"column":null}},"25":{"start":{"line":50,"column":2},"end":{"line":50,"column":null}},"26":{"start":{"line":50,"column":33},"end":{"line":50,"column":null}},"27":{"start":{"line":52,"column":2},"end":{"line":52,"column":null}},"28":{"start":{"line":57,"column":2},"end":{"line":57,"column":null}},"29":{"start":{"line":57,"column":21},"end":{"line":57,"column":null}},"30":{"start":{"line":59,"column":2},"end":{"line":59,"column":null}},"31":{"start":{"line":59,"column":21},"end":{"line":59,"column":null}},"32":{"start":{"line":61,"column":2},"end":{"line":61,"column":null}},"33":{"start":{"line":61,"column":22},"end":{"line":61,"column":null}},"34":{"start":{"line":63,"column":2},"end":{"line":63,"column":null}},"35":{"start":{"line":63,"column":23},"end":{"line":63,"column":null}},"36":{"start":{"line":65,"column":2},"end":{"line":65,"column":null}},"37":{"start":{"line":70,"column":2},"end":{"line":70,"column":null}},"38":{"start":{"line":70,"column":22},"end":{"line":70,"column":null}},"39":{"start":{"line":72,"column":21},"end":{"line":73,"column":null}},"40":{"start":{"line":73,"column":4},"end":{"line":73,"column":49}},"41":{"start":{"line":75,"column":2},"end":{"line":75,"column":null}},"42":{"start":{"line":81,"column":2},"end":{"line":94,"column":3}},"43":{"start":{"line":82,"column":4},"end":{"line":82,"column":null}},"44":{"start":{"line":83,"column":9},"end":{"line":94,"column":3}},"45":{"start":{"line":84,"column":4},"end":{"line":84,"column":null}},"46":{"start":{"line":85,"column":9},"end":{"line":94,"column":3}},"47":{"start":{"line":87,"column":48},"end":{"line":87,"column":null}},"48":{"start":{"line":88,"column":4},"end":{"line":88,"column":null}},"49":{"start":{"line":92,"column":32},"end":{"line":92,"column":null}},"50":{"start":{"line":93,"column":4},"end":{"line":93,"column":null}},"51":{"start":{"line":95,"column":2},"end":{"line":95,"column":null}}},"fnMap":{"0":{"name":"numberToString","decl":{"start":{"line":17,"column":9},"end":{"line":17,"column":24}},"loc":{"start":{"line":17,"column":53},"end":{"line":36,"column":null}}},"1":{"name":"leafToString","decl":{"start":{"line":41,"column":16},"end":{"line":41,"column":28}},"loc":{"start":{"line":41,"column":58},"end":{"line":53,"column":null}}},"2":{"name":"getType","decl":{"start":{"line":56,"column":16},"end":{"line":56,"column":23}},"loc":{"start":{"line":56,"column":38},"end":{"line":66,"column":null}}},"3":{"name":"getTimestamp","decl":{"start":{"line":69,"column":16},"end":{"line":69,"column":28}},"loc":{"start":{"line":69,"column":51},"end":{"line":76,"column":null}}},"4":{"name":"(anonymous_9)","decl":{"start":{"line":72,"column":44},"end":{"line":72,"column":45}},"loc":{"start":{"line":73,"column":4},"end":{"line":73,"column":49}}},"5":{"name":"getChildren","decl":{"start":{"line":79,"column":16},"end":{"line":79,"column":27}},"loc":{"start":{"line":79,"column":60},"end":{"line":96,"column":null}}}},"branchMap":{"0":{"loc":{"start":{"line":20,"column":2},"end":{"line":33,"column":3}},"type":"if","locations":[{"start":{"line":20,"column":2},"end":{"line":33,"column":3}}]},"1":{"loc":{"start":{"line":24,"column":4},"end":{"line":29,"column":5}},"type":"if","locations":[{"start":{"line":24,"column":4},"end":{"line":29,"column":5}}]},"2":{"loc":{"start":{"line":26,"column":13},"end":{"line":28,"column":21}},"type":"cond-expr","locations":[{"start":{"line":27,"column":10},"end":{"line":27,"column":null}},{"start":{"line":28,"column":10},"end":{"line":28,"column":21}}]},"3":{"loc":{"start":{"line":32,"column":11},"end":{"line":32,"column":80}},"type":"cond-expr","locations":[{"start":{"line":32,"column":54},"end":{"line":32,"column":71}},{"start":{"line":32,"column":71},"end":{"line":32,"column":80}}]},"4":{"loc":{"start":{"line":42,"column":2},"end":{"line":42,"column":null}},"type":"if","locations":[{"start":{"line":42,"column":2},"end":{"line":42,"column":null}}]},"5":{"loc":{"start":{"line":44,"column":2},"end":{"line":44,"column":null}},"type":"if","locations":[{"start":{"line":44,"column":2},"end":{"line":44,"column":null}}]},"6":{"loc":{"start":{"line":46,"column":2},"end":{"line":46,"column":null}},"type":"if","locations":[{"start":{"line":46,"column":2},"end":{"line":46,"column":null}}]},"7":{"loc":{"start":{"line":46,"column":41},"end":{"line":46,"column":65}},"type":"cond-expr","locations":[{"start":{"line":46,"column":49},"end":{"line":46,"column":58}},{"start":{"line":46,"column":58},"end":{"line":46,"column":65}}]},"8":{"loc":{"start":{"line":48,"column":2},"end":{"line":48,"column":null}},"type":"if","locations":[{"start":{"line":48,"column":2},"end":{"line":48,"column":null}}]},"9":{"loc":{"start":{"line":50,"column":2},"end":{"line":50,"column":null}},"type":"if","locations":[{"start":{"line":50,"column":2},"end":{"line":50,"column":null}}]},"10":{"loc":{"start":{"line":57,"column":2},"end":{"line":57,"column":null}},"type":"if","locations":[{"start":{"line":57,"column":2},"end":{"line":57,"column":null}}]},"11":{"loc":{"start":{"line":59,"column":2},"end":{"line":59,"column":null}},"type":"if","locations":[{"start":{"line":59,"column":2},"end":{"line":59,"column":null}}]},"12":{"loc":{"start":{"line":61,"column":2},"end":{"line":61,"column":null}},"type":"if","locations":[{"start":{"line":61,"column":2},"end":{"line":61,"column":null}}]},"13":{"loc":{"start":{"line":63,"column":2},"end":{"line":63,"column":null}},"type":"if","locations":[{"start":{"line":63,"column":2},"end":{"line":63,"column":null}}]},"14":{"loc":{"start":{"line":70,"column":2},"end":{"line":70,"column":null}},"type":"if","locations":[{"start":{"line":70,"column":2},"end":{"line":70,"column":null}}]},"15":{"loc":{"start":{"line":73,"column":4},"end":{"line":73,"column":49}},"type":"cond-expr","locations":[{"start":{"line":73,"column":19},"end":{"line":73,"column":31}},{"start":{"line":73,"column":31},"end":{"line":73,"column":49}}]},"16":{"loc":{"start":{"line":81,"column":2},"end":{"line":94,"column":3}},"type":"if","locations":[{"start":{"line":81,"column":2},"end":{"line":94,"column":3}},{"start":{"line":83,"column":9},"end":{"line":94,"column":3}}]},"17":{"loc":{"start":{"line":81,"column":6},"end":{"line":81,"column":38}},"type":"binary-expr","locations":[{"start":{"line":81,"column":6},"end":{"line":81,"column":23}},{"start":{"line":81,"column":23},"end":{"line":81,"column":38}}]},"18":{"loc":{"start":{"line":83,"column":9},"end":{"line":94,"column":3}},"type":"if","locations":[{"start":{"line":83,"column":9},"end":{"line":94,"column":3}},{"start":{"line":85,"column":9},"end":{"line":94,"column":3}}]},"19":{"loc":{"start":{"line":85,"column":9},"end":{"line":94,"column":3}},"type":"if","locations":[{"start":{"line":85,"column":9},"end":{"line":94,"column":3}},{"start":{"line":89,"column":9},"end":{"line":94,"column":3}}]}},"s":{"0":39,"1":10,"2":10,"3":10,"4":3,"5":3,"6":3,"7":29,"8":29,"9":16,"10":16,"11":16,"12":8,"13":8,"14":8,"15":8,"16":13,"17":39,"18":2,"19":37,"20":2,"21":35,"22":4,"23":31,"24":2,"25":29,"26":27,"27":2,"28":10,"29":1,"30":9,"31":1,"32":8,"33":4,"34":4,"35":2,"36":2,"37":25,"38":19,"39":6,"40":25,"41":6,"42":16,"43":4,"44":12,"45":2,"46":10,"47":4,"48":4,"49":6,"50":6,"51":16},"f":{"0":29,"1":39,"2":10,"3":25,"4":25,"5":16},"b":{"0":[16],"1":[8],"2":[1,7],"3":[2,6],"4":[2],"5":[2],"6":[4],"7":[2,2],"8":[2],"9":[27],"10":[1],"11":[1],"12":[4],"13":[2],"14":[19],"15":[10,15],"16":[4,12],"17":[16,14],"18":[2,10],"19":[4,6]}}
,"/Users/alex/Projects/paramview/frontend/src/utils/timestamp.ts": {"path":"/Users/alex/Projects/paramview/frontend/src/utils/timestamp.ts","statementMap":{"0":{"start":{"line":2,"column":16},"end":{"line":2,"column":27}},"1":{"start":{"line":3,"column":2},"end":{"line":10,"column":null}}},"fnMap":{"0":{"name":"formatDate","decl":{"start":{"line":2,"column":16},"end":{"line":2,"column":27}},"loc":{"start":{"line":2,"column":63},"end":{"line":11,"column":null}}}},"branchMap":{},"s":{"0":280,"1":280},"f":{"0":280},"b":{}}
,"/Users/alex/Projects/paramview/frontend/src/utils/type.ts": {"path":"/Users/alex/Projects/paramview/frontend/src/utils/type.ts","statementMap":{"0":{"start":{"line":20,"column":16},"end":{"line":20,"column":26}},"1":{"start":{"line":25,"column":16},"end":{"line":25,"column":26}},"2":{"start":{"line":30,"column":16},"end":{"line":30,"column":22}},"3":{"start":{"line":35,"column":16},"end":{"line":35,"column":22}},"4":{"start":{"line":40,"column":16},"end":{"line":40,"column":22}},"5":{"start":{"line":45,"column":16},"end":{"line":45,"column":27}},"6":{"start":{"line":50,"column":16},"end":{"line":50,"column":27}},"7":{"start":{"line":55,"column":16},"end":{"line":55,"column":24}},"8":{"start":{"line":68,"column":16},"end":{"line":68,"column":23}},"9":{"start":{"line":16,"column":2},"end":{"line":16,"column":null}},"10":{"start":{"line":21,"column":2},"end":{"line":21,"column":null}},"11":{"start":{"line":26,"column":2},"end":{"line":26,"column":null}},"12":{"start":{"line":31,"column":2},"end":{"line":31,"column":null}},"13":{"start":{"line":36,"column":2},"end":{"line":36,"column":null}},"14":{"start":{"line":41,"column":2},"end":{"line":41,"column":null}},"15":{"start":{"line":46,"column":2},"end":{"line":46,"column":null}},"16":{"start":{"line":51,"column":2},"end":{"line":51,"column":null}},"17":{"start":{"line":56,"column":2},"end":{"line":63,"column":null}},"18":{"start":{"line":69,"column":2},"end":{"line":69,"column":null}}},"fnMap":{"0":{"name":"checkType","decl":{"start":{"line":15,"column":9},"end":{"line":15,"column":19}},"loc":{"start":{"line":15,"column":45},"end":{"line":17,"column":null}}},"1":{"name":"isDatetime","decl":{"start":{"line":20,"column":16},"end":{"line":20,"column":26}},"loc":{"start":{"line":20,"column":57},"end":{"line":22,"column":null}}},"2":{"name":"isQuantity","decl":{"start":{"line":25,"column":16},"end":{"line":25,"column":26}},"loc":{"start":{"line":25,"column":57},"end":{"line":27,"column":null}}},"3":{"name":"isLeaf","decl":{"start":{"line":30,"column":16},"end":{"line":30,"column":22}},"loc":{"start":{"line":30,"column":49},"end":{"line":32,"column":null}}},"4":{"name":"isList","decl":{"start":{"line":35,"column":16},"end":{"line":35,"column":22}},"loc":{"start":{"line":35,"column":49},"end":{"line":37,"column":null}}},"5":{"name":"isDict","decl":{"start":{"line":40,"column":16},"end":{"line":40,"column":22}},"loc":{"start":{"line":40,"column":49},"end":{"line":42,"column":null}}},"6":{"name":"isParamList","decl":{"start":{"line":45,"column":16},"end":{"line":45,"column":27}},"loc":{"start":{"line":45,"column":59},"end":{"line":47,"column":null}}},"7":{"name":"isParamDict","decl":{"start":{"line":50,"column":16},"end":{"line":50,"column":27}},"loc":{"start":{"line":50,"column":59},"end":{"line":52,"column":null}}},"8":{"name":"isStruct","decl":{"start":{"line":55,"column":16},"end":{"line":55,"column":24}},"loc":{"start":{"line":55,"column":53},"end":{"line":65,"column":null}}},"9":{"name":"isParam","decl":{"start":{"line":68,"column":16},"end":{"line":68,"column":23}},"loc":{"start":{"line":68,"column":51},"end":{"line":70,"column":null}}}},"branchMap":{"0":{"loc":{"start":{"line":16,"column":9},"end":{"line":16,"column":null}},"type":"binary-expr","locations":[{"start":{"line":16,"column":9},"end":{"line":16,"column":35}},{"start":{"line":16,"column":35},"end":{"line":16,"column":55}},{"start":{"line":16,"column":55},"end":{"line":16,"column":null}}]},"1":{"loc":{"start":{"line":31,"column":9},"end":{"line":31,"column":null}},"type":"binary-expr","locations":[{"start":{"line":31,"column":9},"end":{"line":31,"column":38}},{"start":{"line":31,"column":38},"end":{"line":31,"column":58}},{"start":{"line":31,"column":58},"end":{"line":31,"column":null}}]},"2":{"loc":{"start":{"line":41,"column":9},"end":{"line":41,"column":null}},"type":"binary-expr","locations":[{"start":{"line":41,"column":9},"end":{"line":41,"column":35}},{"start":{"line":41,"column":35},"end":{"line":41,"column":58}},{"start":{"line":41,"column":58},"end":{"line":41,"column":null}}]},"3":{"loc":{"start":{"line":57,"column":4},"end":{"line":63,"column":null}},"type":"binary-expr","locations":[{"start":{"line":57,"column":4},"end":{"line":57,"column":null}},{"start":{"line":58,"column":4},"end":{"line":58,"column":null}},{"start":{"line":59,"column":4},"end":{"line":59,"column":null}},{"start":{"line":60,"column":4},"end":{"line":60,"column":null}},{"start":{"line":61,"column":4},"end":{"line":61,"column":null}},{"start":{"line":62,"column":4},"end":{"line":62,"column":null}},{"start":{"line":63,"column":4},"end":{"line":63,"column":null}}]},"4":{"loc":{"start":{"line":69,"column":9},"end":{"line":69,"column":null}},"type":"binary-expr","locations":[{"start":{"line":69,"column":9},"end":{"line":69,"column":35}},{"start":{"line":69,"column":35},"end":{"line":69,"column":null}}]}},"s":{"0":41,"1":39,"2":31,"3":28,"4":25,"5":14,"6":2,"7":6,"8":45,"9":177,"10":73,"11":70,"12":36,"13":42,"14":34,"15":23,"16":11,"17":15,"18":54},"f":{"0":177,"1":73,"2":70,"3":36,"4":42,"5":34,"6":23,"7":11,"8":15,"9":54},"b":{"0":[177,95,83],"1":[36,23,22],"2":[34,31,5],"3":[15,12,10,9,8,7,5],"4":[54,51]}}
}
