TN:
SF:test-utils.tsx
FN:22,HydrateAtoms
FN:34,TestWrapper
FN:52,(anonymous_6)
FN:60,(anonymous_8)
FN:63,(anonymous_9)
FN:66,(anonymous_10)
FN:71,(anonymous_11)
FN:91,(anonymous_12)
FNF:8
FNH:6
FNDA:31,HydrateAtoms
FNDA:31,TestWrapper
FNDA:31,(anonymous_6)
FNDA:10,(anonymous_8)
FNDA:208,(anonymous_9)
FNDA:0,(anonymous_10)
FNDA:0,(anonymous_11)
FNDA:20,(anonymous_12)
DA:3,8
DA:4,8
DA:12,8
DA:13,8
DA:29,31
DA:52,8
DA:53,31
DA:60,8
DA:62,10
DA:63,208
DA:66,8
DA:67,0
DA:71,8
DA:72,0
DA:76,8
DA:82,8
DA:91,20
DA:93,8
DA:95,69
LF:19
LH:17
BRDA:29,0,0,31
BRDA:29,0,1,0
BRDA:35,1,0,16
BRF:3
BRH:2
end_of_record
TN:
SF:src/theme.ts
FN:5,theme
FNF:1
FNH:1
FNDA:69,theme
DA:1,2
DA:2,2
DA:5,69
DA:6,69
LF:4
LH:4
BRDA:5,0,0,0
BRF:1
BRH:0
end_of_record
TN:
SF:src/atoms/api.ts
FN:11,(anonymous_4)
FN:17,(anonymous_5)
FN:24,(anonymous_6)
FN:28,(anonymous_7)
FN:29,(anonymous_8)
FN:34,(anonymous_9)
FNF:6
FNH:5
FNDA:3,(anonymous_4)
FNDA:2,(anonymous_5)
FNDA:3,(anonymous_6)
FNDA:16,(anonymous_7)
FNDA:18,(anonymous_8)
FNDA:0,(anonymous_9)
DA:1,3
DA:3,3
DA:4,3
DA:11,3
DA:12,3
DA:13,3
DA:17,6
DA:24,3
DA:27,95
DA:28,16
DA:30,18
DA:34,3
DA:35,0
DA:36,0
DA:37,0
LF:15
LH:12
BRF:0
BRH:0
end_of_record
TN:
SF:src/atoms/commitSelect.ts
FN:15,(anonymous_3)
FN:24,(anonymous_4)
FNF:2
FNH:2
FNDA:23,(anonymous_3)
FNDA:7,(anonymous_4)
DA:1,3
DA:2,3
DA:5,57
DA:8,3
DA:14,80
DA:16,23
DA:17,21
DA:18,0
DA:20,21
DA:25,7
LF:10
LH:9
BRDA:17,0,0,0
BRDA:20,1,0,16
BRDA:20,1,1,5
BRF:3
BRH:2
end_of_record
TN:
SF:src/atoms/paramList.ts
FN:11,(anonymous_3)
FN:12,(anonymous_4)
FN:20,(anonymous_5)
FN:21,(anonymous_6)
FNF:4
FNH:4
FNDA:5,(anonymous_3)
FNDA:1,(anonymous_4)
FNDA:11,(anonymous_5)
FNDA:4,(anonymous_6)
DA:1,3
DA:4,3
DA:10,26
DA:11,5
DA:12,1
DA:16,3
DA:19,23
DA:20,11
DA:21,4
LF:9
LH:9
BRF:0
BRH:0
end_of_record
TN:
SF:src/components/App/ErrorAlert.tsx
FN:18,ErrorAlert
FNF:1
FNH:1
FNDA:2,ErrorAlert
DA:2,1
DA:3,1
DA:5,1
DA:12,1
DA:18,2
DA:19,2
LF:6
LH:6
BRF:0
BRH:0
end_of_record
TN:
SF:src/components/App/SocketIO.tsx
FN:10,SocketIO
FN:13,(anonymous_2)
FN:17,(anonymous_3)
FN:26,(anonymous_4)
FNF:4
FNH:4
FNDA:1,SocketIO
FNDA:1,(anonymous_2)
FNDA:4,(anonymous_3)
FNDA:1,(anonymous_4)
DA:1,1
DA:2,1
DA:3,1
DA:4,1
DA:10,1
DA:11,1
DA:13,1
DA:14,1
DA:17,4
DA:21,1
DA:22,1
DA:23,1
DA:24,1
DA:26,1
DA:27,1
DA:31,1
LF:16
LH:16
BRF:0
BRH:0
end_of_record
TN:
SF:src/components/Header/CommitSelect.tsx
FN:63,LightModePaper
FN:72,StyledPopper
FN:77,CommitSelectContents
FN:92,(anonymous_8)
FN:98,(anonymous_9)
FN:107,(anonymous_10)
FN:117,(anonymous_11)
FN:120,(anonymous_12)
FN:136,(anonymous_13)
FN:138,(anonymous_14)
FN:144,(anonymous_15)
FN:145,(anonymous_16)
FN:145,(anonymous_17)
FN:151,(anonymous_18)
FN:179,(anonymous_20)
FN:180,(anonymous_21)
FN:193,CommitSelect
FNF:17
FNH:17
FNDA:67,LightModePaper
FNDA:110,StyledPopper
FNDA:80,CommitSelectContents
FNDA:14,(anonymous_8)
FNDA:663,(anonymous_9)
FNDA:263,(anonymous_10)
FNDA:24,(anonymous_11)
FNDA:144,(anonymous_12)
FNDA:4,(anonymous_13)
FNDA:4,(anonymous_14)
FNDA:42,(anonymous_15)
FNDA:5,(anonymous_16)
FNDA:5,(anonymous_17)
FNDA:139,(anonymous_18)
FNDA:3,(anonymous_20)
FNDA:3,(anonymous_21)
FNDA:16,CommitSelect
DA:1,2
DA:2,2
DA:19,2
DA:20,2
DA:21,2
DA:22,2
DA:23,2
DA:24,2
DA:26,2
DA:31,2
DA:39,2
DA:43,2
DA:52,2
DA:78,80
DA:79,57
DA:80,57
DA:83,57
DA:91,57
DA:92,14
DA:97,57
DA:99,663
DA:100,663
DA:106,57
DA:107,263
DA:114,57
DA:117,57
DA:118,24
DA:120,144
DA:137,4
DA:138,4
DA:139,4
DA:140,4
DA:144,42
DA:145,5
DA:151,139
DA:180,3
DA:181,3
DA:182,3
DA:193,16
LF:39
LH:39
BRDA:114,0,0,57
BRDA:114,0,1,40
BRDA:137,1,0,4
BRF:3
BRH:3
end_of_record
TN:
SF:src/components/Header/CommitSelectList.tsx
FN:17,Item
FN:49,CommitSelectOuterElement
FN:57,CommitSelectInnerElement
FN:79,(anonymous_6)
FN:80,(anonymous_7)
FN:81,(anonymous_8)
FN:89,CommitSelectList
FN:99,(anonymous_10)
FN:101,(anonymous_11)
FNF:9
FNH:6
FNDA:139,Item
FNDA:67,CommitSelectOuterElement
FNDA:67,CommitSelectInnerElement
FNDA:0,(anonymous_6)
FNDA:0,(anonymous_7)
FNDA:0,(anonymous_8)
FNDA:67,CommitSelectList
FNDA:67,(anonymous_10)
FNDA:72,(anonymous_11)
DA:3,2
DA:4,2
DA:5,2
DA:8,2
DA:14,2
DA:18,139
DA:20,139
DA:24,139
DA:42,2
DA:48,2
DA:50,67
DA:56,2
DA:77,57
DA:79,0
DA:80,0
DA:81,0
DA:88,57
DA:90,67
DA:95,67
DA:97,67
DA:99,67
DA:100,67
DA:101,72
DA:103,67
LF:24
LH:21
BRDA:103,0,0,8
BRDA:103,0,1,59
BRF:2
BRH:2
end_of_record
TN:
SF:src/components/Header/Header.tsx
FN:30,DatabaseName
FN:41,Header
FNF:2
FNH:2
FNDA:6,DatabaseName
FNDA:2,Header
DA:1,1
DA:2,1
DA:3,1
DA:4,1
DA:5,1
DA:6,1
DA:8,1
DA:17,1
DA:24,1
DA:31,6
DA:41,2
LF:11
LH:11
BRF:0
BRH:0
end_of_record
TN:
SF:src/components/ParamSection/CollapseItem.tsx
FN:34,ParamCollapseItem
FN:42,(anonymous_2)
FN:46,(anonymous_3)
FNF:3
FNH:3
FNDA:13,ParamCollapseItem
FNDA:5,(anonymous_2)
FNDA:3,(anonymous_3)
DA:1,2
DA:2,2
DA:3,2
DA:4,2
DA:5,2
DA:7,2
DA:12,2
DA:16,2
DA:34,4
DA:39,13
DA:40,13
DA:42,13
DA:46,3
LF:13
LH:13
BRDA:48,0,0,5
BRDA:48,0,1,8
BRF:2
BRH:2
end_of_record
TN:
SF:src/components/ParamSection/GroupItemContent.tsx
FN:33,GroupItemContent
FNF:1
FNH:1
FNDA:1,GroupItemContent
DA:1,1
DA:2,1
DA:4,1
DA:13,1
DA:19,1
DA:33,1
LF:6
LH:6
BRDA:46,0,0,1
BRF:1
BRH:1
end_of_record
TN:
SF:src/components/ParamSection/LeafItemContent.tsx
FN:26,LeafItemContent
FNF:1
FNH:1
FNDA:9,LeafItemContent
DA:1,2
DA:2,2
DA:4,2
DA:5,2
DA:7,2
DA:26,4
DA:27,9
LF:7
LH:7
BRF:0
BRH:0
end_of_record
TN:
SF:src/components/ParamSection/ParamControls.tsx
FN:12,ParamControls
FNF:1
FNH:1
FNDA:13,ParamControls
DA:1,1
DA:2,1
DA:3,1
DA:5,1
DA:12,5
DA:13,13
DA:15,13
LF:7
LH:7
BRF:0
BRH:0
end_of_record
TN:
SF:src/utils/api.ts
FN:4,requestData
FNF:1
FNH:1
FNDA:27,requestData
DA:1,4
DA:4,27
DA:7,27
DA:8,27
DA:10,1
DA:11,1
DA:14,26
DA:17,26
DA:18,3
DA:21,3
DA:22,3
DA:23,1
DA:24,1
DA:26,2
DA:29,3
DA:37,23
LF:16
LH:16
BRDA:10,0,0,1
BRDA:10,0,1,0
BRDA:17,1,0,3
BRDA:24,2,0,0
BRDA:31,3,0,2
BRDA:31,3,1,1
BRDA:33,4,0,1
BRDA:33,4,1,2
BRF:8
BRH:6
end_of_record
TN:
SF:src/utils/data.ts
FN:17,numberToString
FN:41,leafToString
FN:56,getType
FN:69,getTimestamp
FN:72,(anonymous_9)
FN:79,getChildren
FNF:6
FNH:6
FNDA:29,numberToString
FNDA:39,leafToString
FNDA:10,getType
FNDA:25,getTimestamp
FNDA:25,(anonymous_9)
FNDA:16,getChildren
DA:11,3
DA:12,3
DA:14,3
DA:18,29
DA:20,29
DA:21,16
DA:22,16
DA:24,16
DA:25,8
DA:26,8
DA:31,8
DA:32,8
DA:35,13
DA:41,39
DA:42,39
DA:44,37
DA:46,35
DA:48,31
DA:50,29
DA:52,2
DA:56,10
DA:57,10
DA:59,9
DA:61,8
DA:63,4
DA:65,2
DA:69,10
DA:70,25
DA:72,6
DA:73,25
DA:75,6
DA:79,10
DA:81,16
DA:82,4
DA:83,12
DA:84,2
DA:85,10
DA:87,4
DA:88,4
DA:92,6
DA:93,6
DA:95,16
LF:42
LH:42
BRDA:20,0,0,16
BRDA:24,1,0,8
BRDA:26,2,0,1
BRDA:26,2,1,7
BRDA:32,3,0,2
BRDA:32,3,1,6
BRDA:42,4,0,2
BRDA:44,5,0,2
BRDA:46,6,0,4
BRDA:46,7,0,2
BRDA:46,7,1,2
BRDA:48,8,0,2
BRDA:50,9,0,27
BRDA:57,10,0,1
BRDA:59,11,0,1
BRDA:61,12,0,4
BRDA:63,13,0,2
BRDA:70,14,0,19
BRDA:73,15,0,10
BRDA:73,15,1,15
BRDA:81,16,0,4
BRDA:81,16,1,12
BRDA:81,17,0,16
BRDA:81,17,1,14
BRDA:83,18,0,2
BRDA:83,18,1,10
BRDA:85,19,0,4
BRDA:85,19,1,6
BRF:28
BRH:28
end_of_record
TN:
SF:src/utils/timestamp.ts
FN:2,formatDate
FNF:1
FNH:1
FNDA:280,formatDate
DA:2,280
DA:3,280
LF:2
LH:2
BRF:0
BRH:0
end_of_record
TN:
SF:src/utils/type.ts
FN:15,checkType
FN:20,isDatetime
FN:25,isQuantity
FN:30,isLeaf
FN:35,isList
FN:40,isDict
FN:45,isParamList
FN:50,isParamDict
FN:55,isStruct
FN:68,isParam
FNF:10
FNH:10
FNDA:177,checkType
FNDA:73,isDatetime
FNDA:70,isQuantity
FNDA:36,isLeaf
FNDA:42,isList
FNDA:34,isDict
FNDA:23,isParamList
FNDA:11,isParamDict
FNDA:15,isStruct
FNDA:54,isParam
DA:16,177
DA:20,41
DA:21,73
DA:25,39
DA:26,70
DA:30,31
DA:31,36
DA:35,28
DA:36,42
DA:40,25
DA:41,34
DA:45,14
DA:46,23
DA:50,2
DA:51,11
DA:55,6
DA:56,15
DA:68,45
DA:69,54
LF:19
LH:19
BRDA:16,0,0,177
BRDA:16,0,1,95
BRDA:16,0,2,83
BRDA:31,1,0,36
BRDA:31,1,1,23
BRDA:31,1,2,22
BRDA:41,2,0,34
BRDA:41,2,1,31
BRDA:41,2,2,5
BRDA:57,3,0,15
BRDA:57,3,1,12
BRDA:57,3,2,10
BRDA:57,3,3,9
BRDA:57,3,4,8
BRDA:57,3,5,7
BRDA:57,3,6,5
BRDA:69,4,0,54
BRDA:69,4,1,51
BRF:18
BRH:18
end_of_record
